<?xml version="1.0" encoding="UTF-8"?>
<testng-results ignored="0" total="1" passed="1" failed="0" skipped="0">
  <reporter-output>
  </reporter-output>
  <suite started-at="2018-09-16T08:37:40Z" name="Default suite" finished-at="2018-09-16T08:37:48Z" duration-ms="8402">
    <groups>
    </groups>
    <test started-at="2018-09-16T08:37:40Z" name="Default test" finished-at="2018-09-16T08:37:48Z" duration-ms="8402">
      <class name="TestCases.LoginApplication">
        <test-method signature="Login()[pri:0, instance:TestCases.LoginApplication@2de23121]" started-at="2018-09-16T08:37:40Z" name="Login" finished-at="2018-09-16T08:37:48Z" duration-ms="8383" status="PASS">
          <reporter-output>
          </reporter-output>
        </test-method> <!-- Login -->
      </class> <!-- TestCases.LoginApplication -->
    </test> <!-- Default test -->
  </suite> <!-- Default suite -->
</testng-results>
